<?xml version="1.0" encoding="UTF-8"?>
<coverage generated="1758589687988" clover="3.2.0">
  <project timestamp="1758589687988" name="All files">
    <metrics statements="184" coveredstatements="146" conditionals="4022" coveredconditionals="652" methods="1390" coveredmethods="312" elements="5596" coveredelements="1110" complexity="0" loc="184" ncloc="184" packages="6" files="15" classes="15"/>
    <package name="src">
      <metrics statements="6" coveredstatements="6" conditionals="0" coveredconditionals="0" methods="0" coveredmethods="0"/>
      <file name="routes.js" path="/home/runner/workspace/backend/src/routes.js">
        <metrics statements="6" coveredstatements="6" conditionals="0" coveredconditionals="0" methods="0" coveredmethods="0"/>
        <line num="8" count="1" type="stmt"/>
        <line num="78" count="1" type="stmt"/>
        <line num="105" count="1" type="stmt"/>
        <line num="138" count="1" type="stmt"/>
        <line num="187" count="1" type="stmt"/>
        <line num="210" count="1" type="stmt"/>
      </file>
    </package>
    <package name="src.controllers.paciente">
      <metrics statements="37" coveredstatements="32" conditionals="10" coveredconditionals="7" methods="5" coveredmethods="5"/>
      <file name="CreatePacientCOntroller.js" path="/home/runner/workspace/backend/src/controllers/paciente/CreatePacientCOntroller.js">
        <metrics statements="9" coveredstatements="7" conditionals="4" coveredconditionals="3" methods="1" coveredmethods="1"/>
        <line num="5" count="14" type="stmt"/>
        <line num="7" count="14" type="stmt"/>
        <line num="8" count="14" type="stmt"/>
        <line num="9" count="14" type="stmt"/>
        <line num="17" count="11" type="stmt"/>
        <line num="19" count="3" type="cond" truecount="3" falsecount="1"/>
        <line num="20" count="3" type="stmt"/>
        <line num="22" count="0" type="stmt"/>
        <line num="23" count="0" type="stmt"/>
      </file>
      <file name="DeletePacientController.js" path="/home/runner/workspace/backend/src/controllers/paciente/DeletePacientController.js">
        <metrics statements="8" coveredstatements="7" conditionals="2" coveredconditionals="1" methods="1" coveredmethods="1"/>
        <line num="5" count="4" type="stmt"/>
        <line num="7" count="4" type="stmt"/>
        <line num="8" count="4" type="stmt"/>
        <line num="9" count="4" type="stmt"/>
        <line num="10" count="3" type="stmt"/>
        <line num="12" count="1" type="cond" truecount="1" falsecount="1"/>
        <line num="13" count="1" type="stmt"/>
        <line num="15" count="0" type="stmt"/>
      </file>
      <file name="GetPacientByIdController.js" path="/home/runner/workspace/backend/src/controllers/paciente/GetPacientByIdController.js">
        <metrics statements="8" coveredstatements="7" conditionals="2" coveredconditionals="2" methods="1" coveredmethods="1"/>
        <line num="5" count="5" type="stmt"/>
        <line num="7" count="5" type="stmt"/>
        <line num="8" count="5" type="stmt"/>
        <line num="9" count="5" type="stmt"/>
        <line num="11" count="5" type="cond" truecount="2" falsecount="0"/>
        <line num="12" count="3" type="stmt"/>
        <line num="15" count="2" type="stmt"/>
        <line num="17" count="0" type="stmt"/>
      </file>
      <file name="ListPacientController.js" path="/home/runner/workspace/backend/src/controllers/paciente/ListPacientController.js">
        <metrics statements="3" coveredstatements="3" conditionals="0" coveredconditionals="0" methods="1" coveredmethods="1"/>
        <line num="5" count="3" type="stmt"/>
        <line num="6" count="3" type="stmt"/>
        <line num="7" count="3" type="stmt"/>
      </file>
      <file name="UpdatePacienteController.js" path="/home/runner/workspace/backend/src/controllers/paciente/UpdatePacienteController.js">
        <metrics statements="9" coveredstatements="8" conditionals="2" coveredconditionals="1" methods="1" coveredmethods="1"/>
        <line num="5" count="3" type="stmt"/>
        <line num="6" count="3" type="stmt"/>
        <line num="8" count="3" type="stmt"/>
        <line num="9" count="3" type="stmt"/>
        <line num="10" count="3" type="stmt"/>
        <line num="18" count="2" type="stmt"/>
        <line num="20" count="1" type="cond" truecount="1" falsecount="1"/>
        <line num="21" count="1" type="stmt"/>
        <line num="23" count="0" type="stmt"/>
      </file>
    </package>
    <package name="src.generated.prisma">
      <metrics statements="52" coveredstatements="47" conditionals="8" coveredconditionals="4" methods="1" coveredmethods="0"/>
      <file name="client.js" path="/home/runner/workspace/backend/src/generated/prisma/client.js">
        <metrics statements="1" coveredstatements="1" conditionals="0" coveredconditionals="0" methods="0" coveredmethods="0"/>
        <line num="4" count="1" type="stmt"/>
      </file>
      <file name="index.js" path="/home/runner/workspace/backend/src/generated/prisma/index.js">
        <metrics statements="51" coveredstatements="46" conditionals="8" coveredconditionals="4" methods="1" coveredmethods="0"/>
        <line num="5" count="1" type="stmt"/>
        <line num="29" count="1" type="stmt"/>
        <line num="32" count="1" type="stmt"/>
        <line num="34" count="1" type="stmt"/>
        <line num="35" count="1" type="stmt"/>
        <line num="41" count="1" type="stmt"/>
        <line num="46" count="1" type="stmt"/>
        <line num="47" count="1" type="stmt"/>
        <line num="48" count="1" type="stmt"/>
        <line num="49" count="1" type="stmt"/>
        <line num="50" count="1" type="stmt"/>
        <line num="51" count="1" type="stmt"/>
        <line num="56" count="1" type="stmt"/>
        <line num="57" count="1" type="stmt"/>
        <line num="58" count="1" type="stmt"/>
        <line num="59" count="1" type="stmt"/>
        <line num="60" count="1" type="stmt"/>
        <line num="65" count="1" type="stmt"/>
        <line num="66" count="1" type="stmt"/>
        <line num="71" count="1" type="stmt"/>
        <line num="72" count="1" type="stmt"/>
        <line num="73" count="1" type="stmt"/>
        <line num="75" count="1" type="stmt"/>
        <line num="84" count="1" type="stmt"/>
        <line num="89" count="1" type="stmt"/>
        <line num="96" count="1" type="stmt"/>
        <line num="108" count="1" type="stmt"/>
        <line num="113" count="1" type="stmt"/>
        <line num="119" count="1" type="stmt"/>
        <line num="125" count="1" type="stmt"/>
        <line num="175" count="1" type="stmt"/>
        <line num="177" count="1" type="stmt"/>
        <line num="178" count="1" type="cond" truecount="1" falsecount="1"/>
        <line num="179" count="0" type="stmt"/>
        <line num="184" count="0" type="cond" truecount="0" falsecount="2"/>
        <line num="185" count="0" type="stmt"/>
        <line num="188" count="0" type="stmt"/>
        <line num="189" count="0" type="stmt"/>
        <line num="192" count="1" type="stmt"/>
        <line num="193" count="1" type="stmt"/>
        <line num="194" count="1" type="stmt"/>
        <line num="195" count="1" type="stmt"/>
        <line num="198" count="1" type="stmt"/>
        <line num="200" count="1" type="stmt"/>
        <line num="205" count="1" type="stmt"/>
        <line num="206" count="1" type="stmt"/>
        <line num="207" count="1" type="stmt"/>
        <line num="210" count="1" type="stmt"/>
        <line num="211" count="1" type="stmt"/>
        <line num="213" count="1" type="stmt"/>
        <line num="214" count="1" type="stmt"/>
      </file>
    </package>
    <package name="src.generated.prisma.runtime">
      <metrics statements="50" coveredstatements="29" conditionals="3990" coveredconditionals="629" methods="1378" coveredmethods="301"/>
      <file name="library.js" path="/home/runner/workspace/backend/src/generated/prisma/runtime/library.js">
        <metrics statements="50" coveredstatements="29" conditionals="3990" coveredconditionals="629" methods="1378" coveredmethods="301"/>
        <line num="4" count="967" type="cond" truecount="73" falsecount="103"/>
        <line num="5" count="2" type="cond" truecount="3" falsecount="1"/>
        <line num="6" count="154" type="cond" truecount="58" falsecount="132"/>
        <line num="7" count="21" type="cond" truecount="40" falsecount="150"/>
        <line num="8" count="166" type="cond" truecount="17" falsecount="22"/>
        <line num="9" count="1" type="cond" truecount="62" falsecount="126"/>
        <line num="12" count="1" type="cond" truecount="1" falsecount="10"/>
        <line num="14" count="0" type="cond" truecount="0" falsecount="6"/>
        <line num="15" count="2" type="cond" truecount="11" falsecount="21"/>
        <line num="16" count="1" type="cond" truecount="2" falsecount="12"/>
        <line num="18" count="0" type="stmt"/>
        <line num="22" count="0" type="cond" truecount="0" falsecount="4"/>
        <line num="24" count="292" type="cond" truecount="99" falsecount="1235"/>
        <line num="25" count="0" type="stmt"/>
        <line num="26" count="0" type="stmt"/>
        <line num="27" count="0" type="stmt"/>
        <line num="28" count="1" type="cond" truecount="0" falsecount="40"/>
        <line num="29" count="1" type="cond" truecount="0" falsecount="39"/>
        <line num="30" count="1" type="cond" truecount="0" falsecount="75"/>
        <line num="31" count="44" type="cond" truecount="1" falsecount="137"/>
        <line num="32" count="213" type="cond" truecount="64" falsecount="238"/>
        <line num="33" count="1" type="stmt"/>
        <line num="34" count="378" type="cond" truecount="20" falsecount="247"/>
        <line num="36" count="1" type="cond" truecount="3" falsecount="11"/>
        <line num="38" count="0" type="stmt"/>
        <line num="39" count="0" type="stmt"/>
        <line num="40" count="0" type="stmt"/>
        <line num="45" count="0" type="stmt"/>
        <line num="46" count="0" type="cond" truecount="0" falsecount="2"/>
        <line num="48" count="0" type="stmt"/>
        <line num="55" count="0" type="stmt"/>
        <line num="60" count="0" type="stmt"/>
        <line num="67" count="1" type="cond" truecount="10" falsecount="21"/>
        <line num="68" count="0" type="stmt"/>
        <line num="69" count="1" type="cond" truecount="0" falsecount="7"/>
        <line num="72" count="0" type="stmt"/>
        <line num="104" count="0" type="stmt"/>
        <line num="113" count="329" type="cond" truecount="24" falsecount="124"/>
        <line num="114" count="62" type="cond" truecount="19" falsecount="140"/>
        <line num="115" count="60" type="cond" truecount="23" falsecount="33"/>
        <line num="116" count="1" type="cond" truecount="0" falsecount="29"/>
        <line num="117" count="1" type="cond" truecount="15" falsecount="62"/>
        <line num="124" count="370" type="cond" truecount="37" falsecount="110"/>
        <line num="125" count="1" type="cond" truecount="0" falsecount="14"/>
        <line num="126" count="0" type="cond" truecount="0" falsecount="6"/>
        <line num="127" count="0" type="cond" truecount="0" falsecount="2"/>
        <line num="128" count="0" type="cond" truecount="0" falsecount="16"/>
        <line num="129" count="0" type="cond" truecount="0" falsecount="78"/>
        <line num="133" count="60" type="cond" truecount="45" falsecount="94"/>
        <line num="134" count="1" type="cond" truecount="2" falsecount="10"/>
      </file>
    </package>
    <package name="src.prisma">
      <metrics statements="1" coveredstatements="1" conditionals="0" coveredconditionals="0" methods="0" coveredmethods="0"/>
      <file name="prisma.js" path="/home/runner/workspace/backend/src/prisma/prisma.js">
        <metrics statements="1" coveredstatements="1" conditionals="0" coveredconditionals="0" methods="0" coveredmethods="0"/>
        <line num="3" count="1" type="stmt"/>
      </file>
    </package>
    <package name="src.services.pacientes">
      <metrics statements="38" coveredstatements="31" conditionals="14" coveredconditionals="12" methods="6" coveredmethods="6"/>
      <file name="CreatePacientService.js" path="/home/runner/workspace/backend/src/services/pacientes/CreatePacientService.js">
        <metrics statements="11" coveredstatements="9" conditionals="4" coveredconditionals="4" methods="1" coveredmethods="1"/>
        <line num="6" count="14" type="stmt"/>
        <line num="9" count="14" type="cond" truecount="2" falsecount="0"/>
        <line num="10" count="2" type="stmt"/>
        <line num="13" count="12" type="stmt"/>
        <line num="17" count="12" type="cond" truecount="2" falsecount="0"/>
        <line num="18" count="1" type="stmt"/>
        <line num="21" count="11" type="stmt"/>
        <line num="22" count="11" type="stmt"/>
        <line num="32" count="11" type="stmt"/>
        <line num="34" count="0" type="stmt"/>
        <line num="35" count="0" type="stmt"/>
      </file>
      <file name="DeletePacientServices.js" path="/home/runner/workspace/backend/src/services/pacientes/DeletePacientServices.js">
        <metrics statements="8" coveredstatements="6" conditionals="2" coveredconditionals="2" methods="1" coveredmethods="1"/>
        <line num="6" count="4" type="stmt"/>
        <line num="10" count="4" type="cond" truecount="2" falsecount="0"/>
        <line num="11" count="1" type="stmt"/>
        <line num="14" count="3" type="stmt"/>
        <line num="15" count="3" type="stmt"/>
        <line num="18" count="3" type="stmt"/>
        <line num="20" count="0" type="stmt"/>
        <line num="21" count="0" type="stmt"/>
      </file>
      <file name="GetPacientByIdService.js" path="/home/runner/workspace/backend/src/services/pacientes/GetPacientByIdService.js">
        <metrics statements="2" coveredstatements="2" conditionals="0" coveredconditionals="0" methods="1" coveredmethods="1"/>
        <line num="5" count="5" type="stmt"/>
        <line num="10" count="5" type="stmt"/>
      </file>
      <file name="ListPacientServices.js" path="/home/runner/workspace/backend/src/services/pacientes/ListPacientServices.js">
        <metrics statements="2" coveredstatements="2" conditionals="0" coveredconditionals="0" methods="1" coveredmethods="1"/>
        <line num="5" count="3" type="stmt"/>
        <line num="6" count="3" type="stmt"/>
      </file>
      <file name="UpdatePacientServices.js" path="/home/runner/workspace/backend/src/services/pacientes/UpdatePacientServices.js">
        <metrics statements="15" coveredstatements="12" conditionals="8" coveredconditionals="6" methods="2" coveredmethods="2"/>
        <line num="5" count="3" type="stmt"/>
        <line num="8" count="3" type="stmt"/>
        <line num="12" count="3" type="cond" truecount="2" falsecount="0"/>
        <line num="13" count="1" type="stmt"/>
        <line num="17" count="2" type="cond" truecount="1" falsecount="1"/>
        <line num="18" count="2" type="stmt"/>
        <line num="22" count="2" type="cond" truecount="3" falsecount="1"/>
        <line num="23" count="0" type="stmt"/>
        <line num="28" count="2" type="stmt"/>
        <line num="30" count="12" type="stmt"/>
        <line num="33" count="2" type="stmt"/>
        <line num="34" count="2" type="stmt"/>
        <line num="38" count="2" type="stmt"/>
        <line num="40" count="0" type="stmt"/>
        <line num="41" count="0" type="stmt"/>
      </file>
    </package>
  </project>
</coverage>
